[2014-11-03 02:26:04] production.ERROR: exception 'UnexpectedValueException' with message 'The Response content must be a string or object implementing __toString(), "boolean" given.' in /srv/http/test/Laravel/vendor/symfony/http-foundation/Symfony/Component/HttpFoundation/Response.php:404
Stack trace:
#0 /srv/http/test/Laravel/vendor/laravel/framework/src/Illuminate/Http/Response.php(46): Symfony\Component\HttpFoundation\Response->setContent(false)
#1 /srv/http/test/Laravel/vendor/symfony/http-foundation/Symfony/Component/HttpFoundation/Response.php(202): Illuminate\Http\Response->setContent(false)
#2 /srv/http/test/Laravel/vendor/laravel/framework/src/Illuminate/Routing/Router.php(1496): Symfony\Component\HttpFoundation\Response->__construct(false)
#3 /srv/http/test/Laravel/vendor/laravel/framework/src/Illuminate/Routing/Router.php(1031): Illuminate\Routing\Router->prepareResponse(Object(Illuminate\Http\Request), false)
#4 /srv/http/test/Laravel/vendor/laravel/framework/src/Illuminate/Routing/Router.php(996): Illuminate\Routing\Router->dispatchToRoute(Object(Illuminate\Http\Request))
#5 /srv/http/test/Laravel/vendor/laravel/framework/src/Illuminate/Foundation/Application.php(775): Illuminate\Routing\Router->dispatch(Object(Illuminate\Http\Request))
#6 /srv/http/test/Laravel/vendor/laravel/framework/src/Illuminate/Foundation/Application.php(745): Illuminate\Foundation\Application->dispatch(Object(Illuminate\Http\Request))
#7 /srv/http/test/Laravel/vendor/laravel/framework/src/Illuminate/Session/Middleware.php(72): Illuminate\Foundation\Application->handle(Object(Illuminate\Http\Request), 1, true)
#8 /srv/http/test/Laravel/vendor/laravel/framework/src/Illuminate/Cookie/Queue.php(47): Illuminate\Session\Middleware->handle(Object(Illuminate\Http\Request), 1, true)
#9 /srv/http/test/Laravel/vendor/laravel/framework/src/Illuminate/Cookie/Guard.php(51): Illuminate\Cookie\Queue->handle(Object(Illuminate\Http\Request), 1, true)
#10 /srv/http/test/Laravel/vendor/stack/builder/src/Stack/StackedHttpKernel.php(23): Illuminate\Cookie\Guard->handle(Object(Illuminate\Http\Request), 1, true)
#11 /srv/http/test/Laravel/vendor/laravel/framework/src/Illuminate/Foundation/Application.php(641): Stack\StackedHttpKernel->handle(Object(Illuminate\Http\Request))
#12 /srv/http/test/Laravel/public/index.php(49): Illuminate\Foundation\Application->run()
#13 {main} [] []
[2014-11-03 02:27:36] production.ERROR: exception 'Symfony\Component\HttpKernel\Exception\NotFoundHttpException' in /srv/http/test/Laravel/vendor/laravel/framework/src/Illuminate/Routing/RouteCollection.php:148
Stack trace:
#0 /srv/http/test/Laravel/vendor/laravel/framework/src/Illuminate/Routing/Router.php(1049): Illuminate\Routing\RouteCollection->match(Object(Illuminate\Http\Request))
#1 /srv/http/test/Laravel/vendor/laravel/framework/src/Illuminate/Routing/Router.php(1017): Illuminate\Routing\Router->findRoute(Object(Illuminate\Http\Request))
#2 /srv/http/test/Laravel/vendor/laravel/framework/src/Illuminate/Routing/Router.php(996): Illuminate\Routing\Router->dispatchToRoute(Object(Illuminate\Http\Request))
#3 /srv/http/test/Laravel/vendor/laravel/framework/src/Illuminate/Foundation/Application.php(775): Illuminate\Routing\Router->dispatch(Object(Illuminate\Http\Request))
#4 /srv/http/test/Laravel/vendor/laravel/framework/src/Illuminate/Foundation/Application.php(745): Illuminate\Foundation\Application->dispatch(Object(Illuminate\Http\Request))
#5 /srv/http/test/Laravel/vendor/laravel/framework/src/Illuminate/Session/Middleware.php(72): Illuminate\Foundation\Application->handle(Object(Illuminate\Http\Request), 1, true)
#6 /srv/http/test/Laravel/vendor/laravel/framework/src/Illuminate/Cookie/Queue.php(47): Illuminate\Session\Middleware->handle(Object(Illuminate\Http\Request), 1, true)
#7 /srv/http/test/Laravel/vendor/laravel/framework/src/Illuminate/Cookie/Guard.php(51): Illuminate\Cookie\Queue->handle(Object(Illuminate\Http\Request), 1, true)
#8 /srv/http/test/Laravel/vendor/stack/builder/src/Stack/StackedHttpKernel.php(23): Illuminate\Cookie\Guard->handle(Object(Illuminate\Http\Request), 1, true)
#9 /srv/http/test/Laravel/vendor/laravel/framework/src/Illuminate/Foundation/Application.php(641): Stack\StackedHttpKernel->handle(Object(Illuminate\Http\Request))
#10 /srv/http/test/Laravel/public/index.php(49): Illuminate\Foundation\Application->run()
#11 {main} [] []
[2014-11-03 02:27:37] production.ERROR: exception 'Symfony\Component\HttpKernel\Exception\NotFoundHttpException' in /srv/http/test/Laravel/vendor/laravel/framework/src/Illuminate/Routing/RouteCollection.php:148
Stack trace:
#0 /srv/http/test/Laravel/vendor/laravel/framework/src/Illuminate/Routing/Router.php(1049): Illuminate\Routing\RouteCollection->match(Object(Illuminate\Http\Request))
#1 /srv/http/test/Laravel/vendor/laravel/framework/src/Illuminate/Routing/Router.php(1017): Illuminate\Routing\Router->findRoute(Object(Illuminate\Http\Request))
#2 /srv/http/test/Laravel/vendor/laravel/framework/src/Illuminate/Routing/Router.php(996): Illuminate\Routing\Router->dispatchToRoute(Object(Illuminate\Http\Request))
#3 /srv/http/test/Laravel/vendor/laravel/framework/src/Illuminate/Foundation/Application.php(775): Illuminate\Routing\Router->dispatch(Object(Illuminate\Http\Request))
#4 /srv/http/test/Laravel/vendor/laravel/framework/src/Illuminate/Foundation/Application.php(745): Illuminate\Foundation\Application->dispatch(Object(Illuminate\Http\Request))
#5 /srv/http/test/Laravel/vendor/laravel/framework/src/Illuminate/Session/Middleware.php(72): Illuminate\Foundation\Application->handle(Object(Illuminate\Http\Request), 1, true)
#6 /srv/http/test/Laravel/vendor/laravel/framework/src/Illuminate/Cookie/Queue.php(47): Illuminate\Session\Middleware->handle(Object(Illuminate\Http\Request), 1, true)
#7 /srv/http/test/Laravel/vendor/laravel/framework/src/Illuminate/Cookie/Guard.php(51): Illuminate\Cookie\Queue->handle(Object(Illuminate\Http\Request), 1, true)
#8 /srv/http/test/Laravel/vendor/stack/builder/src/Stack/StackedHttpKernel.php(23): Illuminate\Cookie\Guard->handle(Object(Illuminate\Http\Request), 1, true)
#9 /srv/http/test/Laravel/vendor/laravel/framework/src/Illuminate/Foundation/Application.php(641): Stack\StackedHttpKernel->handle(Object(Illuminate\Http\Request))
#10 /srv/http/test/Laravel/public/index.php(49): Illuminate\Foundation\Application->run()
#11 {main} [] []
[2014-11-03 02:27:40] production.ERROR: exception 'Symfony\Component\HttpKernel\Exception\NotFoundHttpException' in /srv/http/test/Laravel/vendor/laravel/framework/src/Illuminate/Routing/RouteCollection.php:148
Stack trace:
#0 /srv/http/test/Laravel/vendor/laravel/framework/src/Illuminate/Routing/Router.php(1049): Illuminate\Routing\RouteCollection->match(Object(Illuminate\Http\Request))
#1 /srv/http/test/Laravel/vendor/laravel/framework/src/Illuminate/Routing/Router.php(1017): Illuminate\Routing\Router->findRoute(Object(Illuminate\Http\Request))
#2 /srv/http/test/Laravel/vendor/laravel/framework/src/Illuminate/Routing/Router.php(996): Illuminate\Routing\Router->dispatchToRoute(Object(Illuminate\Http\Request))
#3 /srv/http/test/Laravel/vendor/laravel/framework/src/Illuminate/Foundation/Application.php(775): Illuminate\Routing\Router->dispatch(Object(Illuminate\Http\Request))
#4 /srv/http/test/Laravel/vendor/laravel/framework/src/Illuminate/Foundation/Application.php(745): Illuminate\Foundation\Application->dispatch(Object(Illuminate\Http\Request))
#5 /srv/http/test/Laravel/vendor/laravel/framework/src/Illuminate/Session/Middleware.php(72): Illuminate\Foundation\Application->handle(Object(Illuminate\Http\Request), 1, true)
#6 /srv/http/test/Laravel/vendor/laravel/framework/src/Illuminate/Cookie/Queue.php(47): Illuminate\Session\Middleware->handle(Object(Illuminate\Http\Request), 1, true)
#7 /srv/http/test/Laravel/vendor/laravel/framework/src/Illuminate/Cookie/Guard.php(51): Illuminate\Cookie\Queue->handle(Object(Illuminate\Http\Request), 1, true)
#8 /srv/http/test/Laravel/vendor/stack/builder/src/Stack/StackedHttpKernel.php(23): Illuminate\Cookie\Guard->handle(Object(Illuminate\Http\Request), 1, true)
#9 /srv/http/test/Laravel/vendor/laravel/framework/src/Illuminate/Foundation/Application.php(641): Stack\StackedHttpKernel->handle(Object(Illuminate\Http\Request))
#10 /srv/http/test/Laravel/public/index.php(49): Illuminate\Foundation\Application->run()
#11 {main} [] []
[2014-11-03 02:27:40] production.ERROR: exception 'Symfony\Component\HttpKernel\Exception\NotFoundHttpException' in /srv/http/test/Laravel/vendor/laravel/framework/src/Illuminate/Routing/RouteCollection.php:148
Stack trace:
#0 /srv/http/test/Laravel/vendor/laravel/framework/src/Illuminate/Routing/Router.php(1049): Illuminate\Routing\RouteCollection->match(Object(Illuminate\Http\Request))
#1 /srv/http/test/Laravel/vendor/laravel/framework/src/Illuminate/Routing/Router.php(1017): Illuminate\Routing\Router->findRoute(Object(Illuminate\Http\Request))
#2 /srv/http/test/Laravel/vendor/laravel/framework/src/Illuminate/Routing/Router.php(996): Illuminate\Routing\Router->dispatchToRoute(Object(Illuminate\Http\Request))
#3 /srv/http/test/Laravel/vendor/laravel/framework/src/Illuminate/Foundation/Application.php(775): Illuminate\Routing\Router->dispatch(Object(Illuminate\Http\Request))
#4 /srv/http/test/Laravel/vendor/laravel/framework/src/Illuminate/Foundation/Application.php(745): Illuminate\Foundation\Application->dispatch(Object(Illuminate\Http\Request))
#5 /srv/http/test/Laravel/vendor/laravel/framework/src/Illuminate/Session/Middleware.php(72): Illuminate\Foundation\Application->handle(Object(Illuminate\Http\Request), 1, true)
#6 /srv/http/test/Laravel/vendor/laravel/framework/src/Illuminate/Cookie/Queue.php(47): Illuminate\Session\Middleware->handle(Object(Illuminate\Http\Request), 1, true)
#7 /srv/http/test/Laravel/vendor/laravel/framework/src/Illuminate/Cookie/Guard.php(51): Illuminate\Cookie\Queue->handle(Object(Illuminate\Http\Request), 1, true)
#8 /srv/http/test/Laravel/vendor/stack/builder/src/Stack/StackedHttpKernel.php(23): Illuminate\Cookie\Guard->handle(Object(Illuminate\Http\Request), 1, true)
#9 /srv/http/test/Laravel/vendor/laravel/framework/src/Illuminate/Foundation/Application.php(641): Stack\StackedHttpKernel->handle(Object(Illuminate\Http\Request))
#10 /srv/http/test/Laravel/public/index.php(49): Illuminate\Foundation\Application->run()
#11 {main} [] []
[2014-11-03 02:27:47] production.ERROR: exception 'Symfony\Component\HttpKernel\Exception\NotFoundHttpException' in /srv/http/test/Laravel/vendor/laravel/framework/src/Illuminate/Routing/RouteCollection.php:148
Stack trace:
#0 /srv/http/test/Laravel/vendor/laravel/framework/src/Illuminate/Routing/Router.php(1049): Illuminate\Routing\RouteCollection->match(Object(Illuminate\Http\Request))
#1 /srv/http/test/Laravel/vendor/laravel/framework/src/Illuminate/Routing/Router.php(1017): Illuminate\Routing\Router->findRoute(Object(Illuminate\Http\Request))
#2 /srv/http/test/Laravel/vendor/laravel/framework/src/Illuminate/Routing/Router.php(996): Illuminate\Routing\Router->dispatchToRoute(Object(Illuminate\Http\Request))
#3 /srv/http/test/Laravel/vendor/laravel/framework/src/Illuminate/Foundation/Application.php(775): Illuminate\Routing\Router->dispatch(Object(Illuminate\Http\Request))
#4 /srv/http/test/Laravel/vendor/laravel/framework/src/Illuminate/Foundation/Application.php(745): Illuminate\Foundation\Application->dispatch(Object(Illuminate\Http\Request))
#5 /srv/http/test/Laravel/vendor/laravel/framework/src/Illuminate/Session/Middleware.php(72): Illuminate\Foundation\Application->handle(Object(Illuminate\Http\Request), 1, true)
#6 /srv/http/test/Laravel/vendor/laravel/framework/src/Illuminate/Cookie/Queue.php(47): Illuminate\Session\Middleware->handle(Object(Illuminate\Http\Request), 1, true)
#7 /srv/http/test/Laravel/vendor/laravel/framework/src/Illuminate/Cookie/Guard.php(51): Illuminate\Cookie\Queue->handle(Object(Illuminate\Http\Request), 1, true)
#8 /srv/http/test/Laravel/vendor/stack/builder/src/Stack/StackedHttpKernel.php(23): Illuminate\Cookie\Guard->handle(Object(Illuminate\Http\Request), 1, true)
#9 /srv/http/test/Laravel/vendor/laravel/framework/src/Illuminate/Foundation/Application.php(641): Stack\StackedHttpKernel->handle(Object(Illuminate\Http\Request))
#10 /srv/http/test/Laravel/public/index.php(49): Illuminate\Foundation\Application->run()
#11 {main} [] []
[2014-11-03 02:27:47] production.ERROR: exception 'Symfony\Component\HttpKernel\Exception\NotFoundHttpException' in /srv/http/test/Laravel/vendor/laravel/framework/src/Illuminate/Routing/RouteCollection.php:148
Stack trace:
#0 /srv/http/test/Laravel/vendor/laravel/framework/src/Illuminate/Routing/Router.php(1049): Illuminate\Routing\RouteCollection->match(Object(Illuminate\Http\Request))
#1 /srv/http/test/Laravel/vendor/laravel/framework/src/Illuminate/Routing/Router.php(1017): Illuminate\Routing\Router->findRoute(Object(Illuminate\Http\Request))
#2 /srv/http/test/Laravel/vendor/laravel/framework/src/Illuminate/Routing/Router.php(996): Illuminate\Routing\Router->dispatchToRoute(Object(Illuminate\Http\Request))
#3 /srv/http/test/Laravel/vendor/laravel/framework/src/Illuminate/Foundation/Application.php(775): Illuminate\Routing\Router->dispatch(Object(Illuminate\Http\Request))
#4 /srv/http/test/Laravel/vendor/laravel/framework/src/Illuminate/Foundation/Application.php(745): Illuminate\Foundation\Application->dispatch(Object(Illuminate\Http\Request))
#5 /srv/http/test/Laravel/vendor/laravel/framework/src/Illuminate/Session/Middleware.php(72): Illuminate\Foundation\Application->handle(Object(Illuminate\Http\Request), 1, true)
#6 /srv/http/test/Laravel/vendor/laravel/framework/src/Illuminate/Cookie/Queue.php(47): Illuminate\Session\Middleware->handle(Object(Illuminate\Http\Request), 1, true)
#7 /srv/http/test/Laravel/vendor/laravel/framework/src/Illuminate/Cookie/Guard.php(51): Illuminate\Cookie\Queue->handle(Object(Illuminate\Http\Request), 1, true)
#8 /srv/http/test/Laravel/vendor/stack/builder/src/Stack/StackedHttpKernel.php(23): Illuminate\Cookie\Guard->handle(Object(Illuminate\Http\Request), 1, true)
#9 /srv/http/test/Laravel/vendor/laravel/framework/src/Illuminate/Foundation/Application.php(641): Stack\StackedHttpKernel->handle(Object(Illuminate\Http\Request))
#10 /srv/http/test/Laravel/public/index.php(49): Illuminate\Foundation\Application->run()
#11 {main} [] []
[2014-11-03 02:28:02] production.ERROR: exception 'ErrorException' with message 'Undefined variable: value' in /srv/http/test/Laravel/app/models/UserModel.php:202
Stack trace:
#0 /srv/http/test/Laravel/app/models/UserModel.php(202): Illuminate\Exception\Handler->handleError(8, 'Undefined varia...', '/srv/http/test/...', 202, Array)
#1 /srv/http/test/Laravel/vendor/laravel/framework/src/Illuminate/Auth/Guard.php(571): UserModel->getRememberToken()
#2 /srv/http/test/Laravel/vendor/laravel/framework/src/Illuminate/Auth/Guard.php(422): Illuminate\Auth\Guard->createRememberTokenIfDoesntExist(Object(UserModel))
#3 /srv/http/test/Laravel/vendor/laravel/framework/src/Illuminate/Auth/Guard.php(354): Illuminate\Auth\Guard->login(Object(UserModel), true)
#4 [internal function]: Illuminate\Auth\Guard->attempt(Array, true)
#5 /srv/http/test/Laravel/vendor/laravel/framework/src/Illuminate/Support/Manager.php(138): call_user_func_array(Array, Array)
#6 /srv/http/test/Laravel/vendor/laravel/framework/src/Illuminate/Support/Facades/Facade.php(211): Illuminate\Support\Manager->__call('attempt', Array)
#7 /srv/http/test/Laravel/vendor/laravel/framework/src/Illuminate/Support/Facades/Facade.php(211): Illuminate\Auth\AuthManager->attempt(Array, true)
#8 /srv/http/test/Laravel/app/controllers/PagesController.php(42): Illuminate\Support\Facades\Facade::__callStatic('attempt', Array)
#9 /srv/http/test/Laravel/app/controllers/PagesController.php(42): Illuminate\Support\Facades\Auth::attempt(Array, true)
#10 [internal function]: PagesController->handleLogin()
#11 /srv/http/test/Laravel/vendor/laravel/framework/src/Illuminate/Routing/Controller.php(231): call_user_func_array(Array, Array)
#12 /srv/http/test/Laravel/vendor/laravel/framework/src/Illuminate/Routing/ControllerDispatcher.php(93): Illuminate\Routing\Controller->callAction('handleLogin', Array)
#13 /srv/http/test/Laravel/vendor/laravel/framework/src/Illuminate/Routing/ControllerDispatcher.php(62): Illuminate\Routing\ControllerDispatcher->call(Object(PagesController), Object(Illuminate\Routing\Route), 'handleLogin')
#14 /srv/http/test/Laravel/vendor/laravel/framework/src/Illuminate/Routing/Router.php(962): Illuminate\Routing\ControllerDispatcher->dispatch(Object(Illuminate\Routing\Route), Object(Illuminate\Http\Request), 'PagesController', 'handleLogin')
#15 [internal function]: Illuminate\Routing\Router->Illuminate\Routing\{closure}()
#16 /srv/http/test/Laravel/vendor/laravel/framework/src/Illuminate/Routing/Route.php(109): call_user_func_array(Object(Closure), Array)
#17 /srv/http/test/Laravel/vendor/laravel/framework/src/Illuminate/Routing/Router.php(1028): Illuminate\Routing\Route->run(Object(Illuminate\Http\Request))
#18 /srv/http/test/Laravel/vendor/laravel/framework/src/Illuminate/Routing/Router.php(996): Illuminate\Routing\Router->dispatchToRoute(Object(Illuminate\Http\Request))
#19 /srv/http/test/Laravel/vendor/laravel/framework/src/Illuminate/Foundation/Application.php(775): Illuminate\Routing\Router->dispatch(Object(Illuminate\Http\Request))
#20 /srv/http/test/Laravel/vendor/laravel/framework/src/Illuminate/Foundation/Application.php(745): Illuminate\Foundation\Application->dispatch(Object(Illuminate\Http\Request))
#21 /srv/http/test/Laravel/vendor/laravel/framework/src/Illuminate/Session/Middleware.php(72): Illuminate\Foundation\Application->handle(Object(Illuminate\Http\Request), 1, true)
#22 /srv/http/test/Laravel/vendor/laravel/framework/src/Illuminate/Cookie/Queue.php(47): Illuminate\Session\Middleware->handle(Object(Illuminate\Http\Request), 1, true)
#23 /srv/http/test/Laravel/vendor/laravel/framework/src/Illuminate/Cookie/Guard.php(51): Illuminate\Cookie\Queue->handle(Object(Illuminate\Http\Request), 1, true)
#24 /srv/http/test/Laravel/vendor/stack/builder/src/Stack/StackedHttpKernel.php(23): Illuminate\Cookie\Guard->handle(Object(Illuminate\Http\Request), 1, true)
#25 /srv/http/test/Laravel/vendor/laravel/framework/src/Illuminate/Foundation/Application.php(641): Stack\StackedHttpKernel->handle(Object(Illuminate\Http\Request))
#26 /srv/http/test/Laravel/public/index.php(49): Illuminate\Foundation\Application->run()
#27 {main} [] []
[2014-11-03 02:29:36] production.ERROR: exception 'Symfony\Component\HttpKernel\Exception\NotFoundHttpException' in /srv/http/test/Laravel/vendor/laravel/framework/src/Illuminate/Routing/RouteCollection.php:148
Stack trace:
#0 /srv/http/test/Laravel/vendor/laravel/framework/src/Illuminate/Routing/Router.php(1049): Illuminate\Routing\RouteCollection->match(Object(Illuminate\Http\Request))
#1 /srv/http/test/Laravel/vendor/laravel/framework/src/Illuminate/Routing/Router.php(1017): Illuminate\Routing\Router->findRoute(Object(Illuminate\Http\Request))
#2 /srv/http/test/Laravel/vendor/laravel/framework/src/Illuminate/Routing/Router.php(996): Illuminate\Routing\Router->dispatchToRoute(Object(Illuminate\Http\Request))
#3 /srv/http/test/Laravel/vendor/laravel/framework/src/Illuminate/Foundation/Application.php(775): Illuminate\Routing\Router->dispatch(Object(Illuminate\Http\Request))
#4 /srv/http/test/Laravel/vendor/laravel/framework/src/Illuminate/Foundation/Application.php(745): Illuminate\Foundation\Application->dispatch(Object(Illuminate\Http\Request))
#5 /srv/http/test/Laravel/vendor/laravel/framework/src/Illuminate/Session/Middleware.php(72): Illuminate\Foundation\Application->handle(Object(Illuminate\Http\Request), 1, true)
#6 /srv/http/test/Laravel/vendor/laravel/framework/src/Illuminate/Cookie/Queue.php(47): Illuminate\Session\Middleware->handle(Object(Illuminate\Http\Request), 1, true)
#7 /srv/http/test/Laravel/vendor/laravel/framework/src/Illuminate/Cookie/Guard.php(51): Illuminate\Cookie\Queue->handle(Object(Illuminate\Http\Request), 1, true)
#8 /srv/http/test/Laravel/vendor/stack/builder/src/Stack/StackedHttpKernel.php(23): Illuminate\Cookie\Guard->handle(Object(Illuminate\Http\Request), 1, true)
#9 /srv/http/test/Laravel/vendor/laravel/framework/src/Illuminate/Foundation/Application.php(641): Stack\StackedHttpKernel->handle(Object(Illuminate\Http\Request))
#10 /srv/http/test/Laravel/public/index.php(49): Illuminate\Foundation\Application->run()
#11 {main} [] []
[2014-11-03 02:29:36] production.ERROR: exception 'Symfony\Component\HttpKernel\Exception\NotFoundHttpException' in /srv/http/test/Laravel/vendor/laravel/framework/src/Illuminate/Routing/RouteCollection.php:148
Stack trace:
#0 /srv/http/test/Laravel/vendor/laravel/framework/src/Illuminate/Routing/Router.php(1049): Illuminate\Routing\RouteCollection->match(Object(Illuminate\Http\Request))
#1 /srv/http/test/Laravel/vendor/laravel/framework/src/Illuminate/Routing/Router.php(1017): Illuminate\Routing\Router->findRoute(Object(Illuminate\Http\Request))
#2 /srv/http/test/Laravel/vendor/laravel/framework/src/Illuminate/Routing/Router.php(996): Illuminate\Routing\Router->dispatchToRoute(Object(Illuminate\Http\Request))
#3 /srv/http/test/Laravel/vendor/laravel/framework/src/Illuminate/Foundation/Application.php(775): Illuminate\Routing\Router->dispatch(Object(Illuminate\Http\Request))
#4 /srv/http/test/Laravel/vendor/laravel/framework/src/Illuminate/Foundation/Application.php(745): Illuminate\Foundation\Application->dispatch(Object(Illuminate\Http\Request))
#5 /srv/http/test/Laravel/vendor/laravel/framework/src/Illuminate/Session/Middleware.php(72): Illuminate\Foundation\Application->handle(Object(Illuminate\Http\Request), 1, true)
#6 /srv/http/test/Laravel/vendor/laravel/framework/src/Illuminate/Cookie/Queue.php(47): Illuminate\Session\Middleware->handle(Object(Illuminate\Http\Request), 1, true)
#7 /srv/http/test/Laravel/vendor/laravel/framework/src/Illuminate/Cookie/Guard.php(51): Illuminate\Cookie\Queue->handle(Object(Illuminate\Http\Request), 1, true)
#8 /srv/http/test/Laravel/vendor/stack/builder/src/Stack/StackedHttpKernel.php(23): Illuminate\Cookie\Guard->handle(Object(Illuminate\Http\Request), 1, true)
#9 /srv/http/test/Laravel/vendor/laravel/framework/src/Illuminate/Foundation/Application.php(641): Stack\StackedHttpKernel->handle(Object(Illuminate\Http\Request))
#10 /srv/http/test/Laravel/public/index.php(49): Illuminate\Foundation\Application->run()
#11 {main} [] []
[2014-11-03 02:29:41] production.ERROR: exception 'Symfony\Component\HttpKernel\Exception\NotFoundHttpException' in /srv/http/test/Laravel/vendor/laravel/framework/src/Illuminate/Routing/RouteCollection.php:148
Stack trace:
#0 /srv/http/test/Laravel/vendor/laravel/framework/src/Illuminate/Routing/Router.php(1049): Illuminate\Routing\RouteCollection->match(Object(Illuminate\Http\Request))
#1 /srv/http/test/Laravel/vendor/laravel/framework/src/Illuminate/Routing/Router.php(1017): Illuminate\Routing\Router->findRoute(Object(Illuminate\Http\Request))
#2 /srv/http/test/Laravel/vendor/laravel/framework/src/Illuminate/Routing/Router.php(996): Illuminate\Routing\Router->dispatchToRoute(Object(Illuminate\Http\Request))
#3 /srv/http/test/Laravel/vendor/laravel/framework/src/Illuminate/Foundation/Application.php(775): Illuminate\Routing\Router->dispatch(Object(Illuminate\Http\Request))
#4 /srv/http/test/Laravel/vendor/laravel/framework/src/Illuminate/Foundation/Application.php(745): Illuminate\Foundation\Application->dispatch(Object(Illuminate\Http\Request))
#5 /srv/http/test/Laravel/vendor/laravel/framework/src/Illuminate/Session/Middleware.php(72): Illuminate\Foundation\Application->handle(Object(Illuminate\Http\Request), 1, true)
#6 /srv/http/test/Laravel/vendor/laravel/framework/src/Illuminate/Cookie/Queue.php(47): Illuminate\Session\Middleware->handle(Object(Illuminate\Http\Request), 1, true)
#7 /srv/http/test/Laravel/vendor/laravel/framework/src/Illuminate/Cookie/Guard.php(51): Illuminate\Cookie\Queue->handle(Object(Illuminate\Http\Request), 1, true)
#8 /srv/http/test/Laravel/vendor/stack/builder/src/Stack/StackedHttpKernel.php(23): Illuminate\Cookie\Guard->handle(Object(Illuminate\Http\Request), 1, true)
#9 /srv/http/test/Laravel/vendor/laravel/framework/src/Illuminate/Foundation/Application.php(641): Stack\StackedHttpKernel->handle(Object(Illuminate\Http\Request))
#10 /srv/http/test/Laravel/public/index.php(49): Illuminate\Foundation\Application->run()
#11 {main} [] []
[2014-11-03 02:29:41] production.ERROR: exception 'Symfony\Component\HttpKernel\Exception\NotFoundHttpException' in /srv/http/test/Laravel/vendor/laravel/framework/src/Illuminate/Routing/RouteCollection.php:148
Stack trace:
#0 /srv/http/test/Laravel/vendor/laravel/framework/src/Illuminate/Routing/Router.php(1049): Illuminate\Routing\RouteCollection->match(Object(Illuminate\Http\Request))
#1 /srv/http/test/Laravel/vendor/laravel/framework/src/Illuminate/Routing/Router.php(1017): Illuminate\Routing\Router->findRoute(Object(Illuminate\Http\Request))
#2 /srv/http/test/Laravel/vendor/laravel/framework/src/Illuminate/Routing/Router.php(996): Illuminate\Routing\Router->dispatchToRoute(Object(Illuminate\Http\Request))
#3 /srv/http/test/Laravel/vendor/laravel/framework/src/Illuminate/Foundation/Application.php(775): Illuminate\Routing\Router->dispatch(Object(Illuminate\Http\Request))
#4 /srv/http/test/Laravel/vendor/laravel/framework/src/Illuminate/Foundation/Application.php(745): Illuminate\Foundation\Application->dispatch(Object(Illuminate\Http\Request))
#5 /srv/http/test/Laravel/vendor/laravel/framework/src/Illuminate/Session/Middleware.php(72): Illuminate\Foundation\Application->handle(Object(Illuminate\Http\Request), 1, true)
#6 /srv/http/test/Laravel/vendor/laravel/framework/src/Illuminate/Cookie/Queue.php(47): Illuminate\Session\Middleware->handle(Object(Illuminate\Http\Request), 1, true)
#7 /srv/http/test/Laravel/vendor/laravel/framework/src/Illuminate/Cookie/Guard.php(51): Illuminate\Cookie\Queue->handle(Object(Illuminate\Http\Request), 1, true)
#8 /srv/http/test/Laravel/vendor/stack/builder/src/Stack/StackedHttpKernel.php(23): Illuminate\Cookie\Guard->handle(Object(Illuminate\Http\Request), 1, true)
#9 /srv/http/test/Laravel/vendor/laravel/framework/src/Illuminate/Foundation/Application.php(641): Stack\StackedHttpKernel->handle(Object(Illuminate\Http\Request))
#10 /srv/http/test/Laravel/public/index.php(49): Illuminate\Foundation\Application->run()
#11 {main} [] []
[2014-11-03 02:29:49] production.ERROR: exception 'Symfony\Component\HttpKernel\Exception\NotFoundHttpException' in /srv/http/test/Laravel/vendor/laravel/framework/src/Illuminate/Routing/RouteCollection.php:148
Stack trace:
#0 /srv/http/test/Laravel/vendor/laravel/framework/src/Illuminate/Routing/Router.php(1049): Illuminate\Routing\RouteCollection->match(Object(Illuminate\Http\Request))
#1 /srv/http/test/Laravel/vendor/laravel/framework/src/Illuminate/Routing/Router.php(1017): Illuminate\Routing\Router->findRoute(Object(Illuminate\Http\Request))
#2 /srv/http/test/Laravel/vendor/laravel/framework/src/Illuminate/Routing/Router.php(996): Illuminate\Routing\Router->dispatchToRoute(Object(Illuminate\Http\Request))
#3 /srv/http/test/Laravel/vendor/laravel/framework/src/Illuminate/Foundation/Application.php(775): Illuminate\Routing\Router->dispatch(Object(Illuminate\Http\Request))
#4 /srv/http/test/Laravel/vendor/laravel/framework/src/Illuminate/Foundation/Application.php(745): Illuminate\Foundation\Application->dispatch(Object(Illuminate\Http\Request))
#5 /srv/http/test/Laravel/vendor/laravel/framework/src/Illuminate/Session/Middleware.php(72): Illuminate\Foundation\Application->handle(Object(Illuminate\Http\Request), 1, true)
#6 /srv/http/test/Laravel/vendor/laravel/framework/src/Illuminate/Cookie/Queue.php(47): Illuminate\Session\Middleware->handle(Object(Illuminate\Http\Request), 1, true)
#7 /srv/http/test/Laravel/vendor/laravel/framework/src/Illuminate/Cookie/Guard.php(51): Illuminate\Cookie\Queue->handle(Object(Illuminate\Http\Request), 1, true)
#8 /srv/http/test/Laravel/vendor/stack/builder/src/Stack/StackedHttpKernel.php(23): Illuminate\Cookie\Guard->handle(Object(Illuminate\Http\Request), 1, true)
#9 /srv/http/test/Laravel/vendor/laravel/framework/src/Illuminate/Foundation/Application.php(641): Stack\StackedHttpKernel->handle(Object(Illuminate\Http\Request))
#10 /srv/http/test/Laravel/public/index.php(49): Illuminate\Foundation\Application->run()
#11 {main} [] []
[2014-11-03 02:29:49] production.ERROR: exception 'Symfony\Component\HttpKernel\Exception\NotFoundHttpException' in /srv/http/test/Laravel/vendor/laravel/framework/src/Illuminate/Routing/RouteCollection.php:148
Stack trace:
#0 /srv/http/test/Laravel/vendor/laravel/framework/src/Illuminate/Routing/Router.php(1049): Illuminate\Routing\RouteCollection->match(Object(Illuminate\Http\Request))
#1 /srv/http/test/Laravel/vendor/laravel/framework/src/Illuminate/Routing/Router.php(1017): Illuminate\Routing\Router->findRoute(Object(Illuminate\Http\Request))
#2 /srv/http/test/Laravel/vendor/laravel/framework/src/Illuminate/Routing/Router.php(996): Illuminate\Routing\Router->dispatchToRoute(Object(Illuminate\Http\Request))
#3 /srv/http/test/Laravel/vendor/laravel/framework/src/Illuminate/Foundation/Application.php(775): Illuminate\Routing\Router->dispatch(Object(Illuminate\Http\Request))
#4 /srv/http/test/Laravel/vendor/laravel/framework/src/Illuminate/Foundation/Application.php(745): Illuminate\Foundation\Application->dispatch(Object(Illuminate\Http\Request))
#5 /srv/http/test/Laravel/vendor/laravel/framework/src/Illuminate/Session/Middleware.php(72): Illuminate\Foundation\Application->handle(Object(Illuminate\Http\Request), 1, true)
#6 /srv/http/test/Laravel/vendor/laravel/framework/src/Illuminate/Cookie/Queue.php(47): Illuminate\Session\Middleware->handle(Object(Illuminate\Http\Request), 1, true)
#7 /srv/http/test/Laravel/vendor/laravel/framework/src/Illuminate/Cookie/Guard.php(51): Illuminate\Cookie\Queue->handle(Object(Illuminate\Http\Request), 1, true)
#8 /srv/http/test/Laravel/vendor/stack/builder/src/Stack/StackedHttpKernel.php(23): Illuminate\Cookie\Guard->handle(Object(Illuminate\Http\Request), 1, true)
#9 /srv/http/test/Laravel/vendor/laravel/framework/src/Illuminate/Foundation/Application.php(641): Stack\StackedHttpKernel->handle(Object(Illuminate\Http\Request))
#10 /srv/http/test/Laravel/public/index.php(49): Illuminate\Foundation\Application->run()
#11 {main} [] []
[2014-11-03 02:30:08] production.ERROR: exception 'Symfony\Component\HttpKernel\Exception\NotFoundHttpException' in /srv/http/test/Laravel/vendor/laravel/framework/src/Illuminate/Routing/RouteCollection.php:148
Stack trace:
#0 /srv/http/test/Laravel/vendor/laravel/framework/src/Illuminate/Routing/Router.php(1049): Illuminate\Routing\RouteCollection->match(Object(Illuminate\Http\Request))
#1 /srv/http/test/Laravel/vendor/laravel/framework/src/Illuminate/Routing/Router.php(1017): Illuminate\Routing\Router->findRoute(Object(Illuminate\Http\Request))
#2 /srv/http/test/Laravel/vendor/laravel/framework/src/Illuminate/Routing/Router.php(996): Illuminate\Routing\Router->dispatchToRoute(Object(Illuminate\Http\Request))
#3 /srv/http/test/Laravel/vendor/laravel/framework/src/Illuminate/Foundation/Application.php(775): Illuminate\Routing\Router->dispatch(Object(Illuminate\Http\Request))
#4 /srv/http/test/Laravel/vendor/laravel/framework/src/Illuminate/Foundation/Application.php(745): Illuminate\Foundation\Application->dispatch(Object(Illuminate\Http\Request))
#5 /srv/http/test/Laravel/vendor/laravel/framework/src/Illuminate/Session/Middleware.php(72): Illuminate\Foundation\Application->handle(Object(Illuminate\Http\Request), 1, true)
#6 /srv/http/test/Laravel/vendor/laravel/framework/src/Illuminate/Cookie/Queue.php(47): Illuminate\Session\Middleware->handle(Object(Illuminate\Http\Request), 1, true)
#7 /srv/http/test/Laravel/vendor/laravel/framework/src/Illuminate/Cookie/Guard.php(51): Illuminate\Cookie\Queue->handle(Object(Illuminate\Http\Request), 1, true)
#8 /srv/http/test/Laravel/vendor/stack/builder/src/Stack/StackedHttpKernel.php(23): Illuminate\Cookie\Guard->handle(Object(Illuminate\Http\Request), 1, true)
#9 /srv/http/test/Laravel/vendor/laravel/framework/src/Illuminate/Foundation/Application.php(641): Stack\StackedHttpKernel->handle(Object(Illuminate\Http\Request))
#10 /srv/http/test/Laravel/public/index.php(49): Illuminate\Foundation\Application->run()
#11 {main} [] []
[2014-11-03 02:30:08] production.ERROR: exception 'Symfony\Component\HttpKernel\Exception\NotFoundHttpException' in /srv/http/test/Laravel/vendor/laravel/framework/src/Illuminate/Routing/RouteCollection.php:148
Stack trace:
#0 /srv/http/test/Laravel/vendor/laravel/framework/src/Illuminate/Routing/Router.php(1049): Illuminate\Routing\RouteCollection->match(Object(Illuminate\Http\Request))
#1 /srv/http/test/Laravel/vendor/laravel/framework/src/Illuminate/Routing/Router.php(1017): Illuminate\Routing\Router->findRoute(Object(Illuminate\Http\Request))
#2 /srv/http/test/Laravel/vendor/laravel/framework/src/Illuminate/Routing/Router.php(996): Illuminate\Routing\Router->dispatchToRoute(Object(Illuminate\Http\Request))
#3 /srv/http/test/Laravel/vendor/laravel/framework/src/Illuminate/Foundation/Application.php(775): Illuminate\Routing\Router->dispatch(Object(Illuminate\Http\Request))
#4 /srv/http/test/Laravel/vendor/laravel/framework/src/Illuminate/Foundation/Application.php(745): Illuminate\Foundation\Application->dispatch(Object(Illuminate\Http\Request))
#5 /srv/http/test/Laravel/vendor/laravel/framework/src/Illuminate/Session/Middleware.php(72): Illuminate\Foundation\Application->handle(Object(Illuminate\Http\Request), 1, true)
#6 /srv/http/test/Laravel/vendor/laravel/framework/src/Illuminate/Cookie/Queue.php(47): Illuminate\Session\Middleware->handle(Object(Illuminate\Http\Request), 1, true)
#7 /srv/http/test/Laravel/vendor/laravel/framework/src/Illuminate/Cookie/Guard.php(51): Illuminate\Cookie\Queue->handle(Object(Illuminate\Http\Request), 1, true)
#8 /srv/http/test/Laravel/vendor/stack/builder/src/Stack/StackedHttpKernel.php(23): Illuminate\Cookie\Guard->handle(Object(Illuminate\Http\Request), 1, true)
#9 /srv/http/test/Laravel/vendor/laravel/framework/src/Illuminate/Foundation/Application.php(641): Stack\StackedHttpKernel->handle(Object(Illuminate\Http\Request))
#10 /srv/http/test/Laravel/public/index.php(49): Illuminate\Foundation\Application->run()
#11 {main} [] []
[2014-11-03 02:30:11] production.ERROR: exception 'Symfony\Component\HttpKernel\Exception\NotFoundHttpException' in /srv/http/test/Laravel/vendor/laravel/framework/src/Illuminate/Routing/RouteCollection.php:148
Stack trace:
#0 /srv/http/test/Laravel/vendor/laravel/framework/src/Illuminate/Routing/Router.php(1049): Illuminate\Routing\RouteCollection->match(Object(Illuminate\Http\Request))
#1 /srv/http/test/Laravel/vendor/laravel/framework/src/Illuminate/Routing/Router.php(1017): Illuminate\Routing\Router->findRoute(Object(Illuminate\Http\Request))
#2 /srv/http/test/Laravel/vendor/laravel/framework/src/Illuminate/Routing/Router.php(996): Illuminate\Routing\Router->dispatchToRoute(Object(Illuminate\Http\Request))
#3 /srv/http/test/Laravel/vendor/laravel/framework/src/Illuminate/Foundation/Application.php(775): Illuminate\Routing\Router->dispatch(Object(Illuminate\Http\Request))
#4 /srv/http/test/Laravel/vendor/laravel/framework/src/Illuminate/Foundation/Application.php(745): Illuminate\Foundation\Application->dispatch(Object(Illuminate\Http\Request))
#5 /srv/http/test/Laravel/vendor/laravel/framework/src/Illuminate/Session/Middleware.php(72): Illuminate\Foundation\Application->handle(Object(Illuminate\Http\Request), 1, true)
#6 /srv/http/test/Laravel/vendor/laravel/framework/src/Illuminate/Cookie/Queue.php(47): Illuminate\Session\Middleware->handle(Object(Illuminate\Http\Request), 1, true)
#7 /srv/http/test/Laravel/vendor/laravel/framework/src/Illuminate/Cookie/Guard.php(51): Illuminate\Cookie\Queue->handle(Object(Illuminate\Http\Request), 1, true)
#8 /srv/http/test/Laravel/vendor/stack/builder/src/Stack/StackedHttpKernel.php(23): Illuminate\Cookie\Guard->handle(Object(Illuminate\Http\Request), 1, true)
#9 /srv/http/test/Laravel/vendor/laravel/framework/src/Illuminate/Foundation/Application.php(641): Stack\StackedHttpKernel->handle(Object(Illuminate\Http\Request))
#10 /srv/http/test/Laravel/public/index.php(49): Illuminate\Foundation\Application->run()
#11 {main} [] []
[2014-11-03 02:30:12] production.ERROR: exception 'Symfony\Component\HttpKernel\Exception\NotFoundHttpException' in /srv/http/test/Laravel/vendor/laravel/framework/src/Illuminate/Routing/RouteCollection.php:148
Stack trace:
#0 /srv/http/test/Laravel/vendor/laravel/framework/src/Illuminate/Routing/Router.php(1049): Illuminate\Routing\RouteCollection->match(Object(Illuminate\Http\Request))
#1 /srv/http/test/Laravel/vendor/laravel/framework/src/Illuminate/Routing/Router.php(1017): Illuminate\Routing\Router->findRoute(Object(Illuminate\Http\Request))
#2 /srv/http/test/Laravel/vendor/laravel/framework/src/Illuminate/Routing/Router.php(996): Illuminate\Routing\Router->dispatchToRoute(Object(Illuminate\Http\Request))
#3 /srv/http/test/Laravel/vendor/laravel/framework/src/Illuminate/Foundation/Application.php(775): Illuminate\Routing\Router->dispatch(Object(Illuminate\Http\Request))
#4 /srv/http/test/Laravel/vendor/laravel/framework/src/Illuminate/Foundation/Application.php(745): Illuminate\Foundation\Application->dispatch(Object(Illuminate\Http\Request))
#5 /srv/http/test/Laravel/vendor/laravel/framework/src/Illuminate/Session/Middleware.php(72): Illuminate\Foundation\Application->handle(Object(Illuminate\Http\Request), 1, true)
#6 /srv/http/test/Laravel/vendor/laravel/framework/src/Illuminate/Cookie/Queue.php(47): Illuminate\Session\Middleware->handle(Object(Illuminate\Http\Request), 1, true)
#7 /srv/http/test/Laravel/vendor/laravel/framework/src/Illuminate/Cookie/Guard.php(51): Illuminate\Cookie\Queue->handle(Object(Illuminate\Http\Request), 1, true)
#8 /srv/http/test/Laravel/vendor/stack/builder/src/Stack/StackedHttpKernel.php(23): Illuminate\Cookie\Guard->handle(Object(Illuminate\Http\Request), 1, true)
#9 /srv/http/test/Laravel/vendor/laravel/framework/src/Illuminate/Foundation/Application.php(641): Stack\StackedHttpKernel->handle(Object(Illuminate\Http\Request))
#10 /srv/http/test/Laravel/public/index.php(49): Illuminate\Foundation\Application->run()
#11 {main} [] []
[2014-11-03 02:30:19] production.ERROR: exception 'Symfony\Component\HttpKernel\Exception\NotFoundHttpException' in /srv/http/test/Laravel/vendor/laravel/framework/src/Illuminate/Routing/RouteCollection.php:148
Stack trace:
#0 /srv/http/test/Laravel/vendor/laravel/framework/src/Illuminate/Routing/Router.php(1049): Illuminate\Routing\RouteCollection->match(Object(Illuminate\Http\Request))
#1 /srv/http/test/Laravel/vendor/laravel/framework/src/Illuminate/Routing/Router.php(1017): Illuminate\Routing\Router->findRoute(Object(Illuminate\Http\Request))
#2 /srv/http/test/Laravel/vendor/laravel/framework/src/Illuminate/Routing/Router.php(996): Illuminate\Routing\Router->dispatchToRoute(Object(Illuminate\Http\Request))
#3 /srv/http/test/Laravel/vendor/laravel/framework/src/Illuminate/Foundation/Application.php(775): Illuminate\Routing\Router->dispatch(Object(Illuminate\Http\Request))
#4 /srv/http/test/Laravel/vendor/laravel/framework/src/Illuminate/Foundation/Application.php(745): Illuminate\Foundation\Application->dispatch(Object(Illuminate\Http\Request))
#5 /srv/http/test/Laravel/vendor/laravel/framework/src/Illuminate/Session/Middleware.php(72): Illuminate\Foundation\Application->handle(Object(Illuminate\Http\Request), 1, true)
#6 /srv/http/test/Laravel/vendor/laravel/framework/src/Illuminate/Cookie/Queue.php(47): Illuminate\Session\Middleware->handle(Object(Illuminate\Http\Request), 1, true)
#7 /srv/http/test/Laravel/vendor/laravel/framework/src/Illuminate/Cookie/Guard.php(51): Illuminate\Cookie\Queue->handle(Object(Illuminate\Http\Request), 1, true)
#8 /srv/http/test/Laravel/vendor/stack/builder/src/Stack/StackedHttpKernel.php(23): Illuminate\Cookie\Guard->handle(Object(Illuminate\Http\Request), 1, true)
#9 /srv/http/test/Laravel/vendor/laravel/framework/src/Illuminate/Foundation/Application.php(641): Stack\StackedHttpKernel->handle(Object(Illuminate\Http\Request))
#10 /srv/http/test/Laravel/public/index.php(49): Illuminate\Foundation\Application->run()
#11 {main} [] []
[2014-11-03 02:30:19] production.ERROR: exception 'Symfony\Component\HttpKernel\Exception\NotFoundHttpException' in /srv/http/test/Laravel/vendor/laravel/framework/src/Illuminate/Routing/RouteCollection.php:148
Stack trace:
#0 /srv/http/test/Laravel/vendor/laravel/framework/src/Illuminate/Routing/Router.php(1049): Illuminate\Routing\RouteCollection->match(Object(Illuminate\Http\Request))
#1 /srv/http/test/Laravel/vendor/laravel/framework/src/Illuminate/Routing/Router.php(1017): Illuminate\Routing\Router->findRoute(Object(Illuminate\Http\Request))
#2 /srv/http/test/Laravel/vendor/laravel/framework/src/Illuminate/Routing/Router.php(996): Illuminate\Routing\Router->dispatchToRoute(Object(Illuminate\Http\Request))
#3 /srv/http/test/Laravel/vendor/laravel/framework/src/Illuminate/Foundation/Application.php(775): Illuminate\Routing\Router->dispatch(Object(Illuminate\Http\Request))
#4 /srv/http/test/Laravel/vendor/laravel/framework/src/Illuminate/Foundation/Application.php(745): Illuminate\Foundation\Application->dispatch(Object(Illuminate\Http\Request))
#5 /srv/http/test/Laravel/vendor/laravel/framework/src/Illuminate/Session/Middleware.php(72): Illuminate\Foundation\Application->handle(Object(Illuminate\Http\Request), 1, true)
#6 /srv/http/test/Laravel/vendor/laravel/framework/src/Illuminate/Cookie/Queue.php(47): Illuminate\Session\Middleware->handle(Object(Illuminate\Http\Request), 1, true)
#7 /srv/http/test/Laravel/vendor/laravel/framework/src/Illuminate/Cookie/Guard.php(51): Illuminate\Cookie\Queue->handle(Object(Illuminate\Http\Request), 1, true)
#8 /srv/http/test/Laravel/vendor/stack/builder/src/Stack/StackedHttpKernel.php(23): Illuminate\Cookie\Guard->handle(Object(Illuminate\Http\Request), 1, true)
#9 /srv/http/test/Laravel/vendor/laravel/framework/src/Illuminate/Foundation/Application.php(641): Stack\StackedHttpKernel->handle(Object(Illuminate\Http\Request))
#10 /srv/http/test/Laravel/public/index.php(49): Illuminate\Foundation\Application->run()
#11 {main} [] []
[2014-11-03 02:32:54] production.ERROR: exception 'Symfony\Component\HttpKernel\Exception\NotFoundHttpException' in /srv/http/test/Laravel/vendor/laravel/framework/src/Illuminate/Routing/RouteCollection.php:148
Stack trace:
#0 /srv/http/test/Laravel/vendor/laravel/framework/src/Illuminate/Routing/Router.php(1049): Illuminate\Routing\RouteCollection->match(Object(Illuminate\Http\Request))
#1 /srv/http/test/Laravel/vendor/laravel/framework/src/Illuminate/Routing/Router.php(1017): Illuminate\Routing\Router->findRoute(Object(Illuminate\Http\Request))
#2 /srv/http/test/Laravel/vendor/laravel/framework/src/Illuminate/Routing/Router.php(996): Illuminate\Routing\Router->dispatchToRoute(Object(Illuminate\Http\Request))
#3 /srv/http/test/Laravel/vendor/laravel/framework/src/Illuminate/Foundation/Application.php(775): Illuminate\Routing\Router->dispatch(Object(Illuminate\Http\Request))
#4 /srv/http/test/Laravel/vendor/laravel/framework/src/Illuminate/Foundation/Application.php(745): Illuminate\Foundation\Application->dispatch(Object(Illuminate\Http\Request))
#5 /srv/http/test/Laravel/vendor/laravel/framework/src/Illuminate/Session/Middleware.php(72): Illuminate\Foundation\Application->handle(Object(Illuminate\Http\Request), 1, true)
#6 /srv/http/test/Laravel/vendor/laravel/framework/src/Illuminate/Cookie/Queue.php(47): Illuminate\Session\Middleware->handle(Object(Illuminate\Http\Request), 1, true)
#7 /srv/http/test/Laravel/vendor/laravel/framework/src/Illuminate/Cookie/Guard.php(51): Illuminate\Cookie\Queue->handle(Object(Illuminate\Http\Request), 1, true)
#8 /srv/http/test/Laravel/vendor/stack/builder/src/Stack/StackedHttpKernel.php(23): Illuminate\Cookie\Guard->handle(Object(Illuminate\Http\Request), 1, true)
#9 /srv/http/test/Laravel/vendor/laravel/framework/src/Illuminate/Foundation/Application.php(641): Stack\StackedHttpKernel->handle(Object(Illuminate\Http\Request))
#10 /srv/http/test/Laravel/public/index.php(49): Illuminate\Foundation\Application->run()
#11 {main} [] []
[2014-11-03 02:32:54] production.ERROR: exception 'Symfony\Component\HttpKernel\Exception\NotFoundHttpException' in /srv/http/test/Laravel/vendor/laravel/framework/src/Illuminate/Routing/RouteCollection.php:148
Stack trace:
#0 /srv/http/test/Laravel/vendor/laravel/framework/src/Illuminate/Routing/Router.php(1049): Illuminate\Routing\RouteCollection->match(Object(Illuminate\Http\Request))
#1 /srv/http/test/Laravel/vendor/laravel/framework/src/Illuminate/Routing/Router.php(1017): Illuminate\Routing\Router->findRoute(Object(Illuminate\Http\Request))
#2 /srv/http/test/Laravel/vendor/laravel/framework/src/Illuminate/Routing/Router.php(996): Illuminate\Routing\Router->dispatchToRoute(Object(Illuminate\Http\Request))
#3 /srv/http/test/Laravel/vendor/laravel/framework/src/Illuminate/Foundation/Application.php(775): Illuminate\Routing\Router->dispatch(Object(Illuminate\Http\Request))
#4 /srv/http/test/Laravel/vendor/laravel/framework/src/Illuminate/Foundation/Application.php(745): Illuminate\Foundation\Application->dispatch(Object(Illuminate\Http\Request))
#5 /srv/http/test/Laravel/vendor/laravel/framework/src/Illuminate/Session/Middleware.php(72): Illuminate\Foundation\Application->handle(Object(Illuminate\Http\Request), 1, true)
#6 /srv/http/test/Laravel/vendor/laravel/framework/src/Illuminate/Cookie/Queue.php(47): Illuminate\Session\Middleware->handle(Object(Illuminate\Http\Request), 1, true)
#7 /srv/http/test/Laravel/vendor/laravel/framework/src/Illuminate/Cookie/Guard.php(51): Illuminate\Cookie\Queue->handle(Object(Illuminate\Http\Request), 1, true)
#8 /srv/http/test/Laravel/vendor/stack/builder/src/Stack/StackedHttpKernel.php(23): Illuminate\Cookie\Guard->handle(Object(Illuminate\Http\Request), 1, true)
#9 /srv/http/test/Laravel/vendor/laravel/framework/src/Illuminate/Foundation/Application.php(641): Stack\StackedHttpKernel->handle(Object(Illuminate\Http\Request))
#10 /srv/http/test/Laravel/public/index.php(49): Illuminate\Foundation\Application->run()
#11 {main} [] []
[2014-11-03 02:32:56] production.ERROR: exception 'Symfony\Component\HttpKernel\Exception\NotFoundHttpException' in /srv/http/test/Laravel/vendor/laravel/framework/src/Illuminate/Routing/RouteCollection.php:148
Stack trace:
#0 /srv/http/test/Laravel/vendor/laravel/framework/src/Illuminate/Routing/Router.php(1049): Illuminate\Routing\RouteCollection->match(Object(Illuminate\Http\Request))
#1 /srv/http/test/Laravel/vendor/laravel/framework/src/Illuminate/Routing/Router.php(1017): Illuminate\Routing\Router->findRoute(Object(Illuminate\Http\Request))
#2 /srv/http/test/Laravel/vendor/laravel/framework/src/Illuminate/Routing/Router.php(996): Illuminate\Routing\Router->dispatchToRoute(Object(Illuminate\Http\Request))
#3 /srv/http/test/Laravel/vendor/laravel/framework/src/Illuminate/Foundation/Application.php(775): Illuminate\Routing\Router->dispatch(Object(Illuminate\Http\Request))
#4 /srv/http/test/Laravel/vendor/laravel/framework/src/Illuminate/Foundation/Application.php(745): Illuminate\Foundation\Application->dispatch(Object(Illuminate\Http\Request))
#5 /srv/http/test/Laravel/vendor/laravel/framework/src/Illuminate/Session/Middleware.php(72): Illuminate\Foundation\Application->handle(Object(Illuminate\Http\Request), 1, true)
#6 /srv/http/test/Laravel/vendor/laravel/framework/src/Illuminate/Cookie/Queue.php(47): Illuminate\Session\Middleware->handle(Object(Illuminate\Http\Request), 1, true)
#7 /srv/http/test/Laravel/vendor/laravel/framework/src/Illuminate/Cookie/Guard.php(51): Illuminate\Cookie\Queue->handle(Object(Illuminate\Http\Request), 1, true)
#8 /srv/http/test/Laravel/vendor/stack/builder/src/Stack/StackedHttpKernel.php(23): Illuminate\Cookie\Guard->handle(Object(Illuminate\Http\Request), 1, true)
#9 /srv/http/test/Laravel/vendor/laravel/framework/src/Illuminate/Foundation/Application.php(641): Stack\StackedHttpKernel->handle(Object(Illuminate\Http\Request))
#10 /srv/http/test/Laravel/public/index.php(49): Illuminate\Foundation\Application->run()
#11 {main} [] []
[2014-11-03 02:32:56] production.ERROR: exception 'Symfony\Component\HttpKernel\Exception\NotFoundHttpException' in /srv/http/test/Laravel/vendor/laravel/framework/src/Illuminate/Routing/RouteCollection.php:148
Stack trace:
#0 /srv/http/test/Laravel/vendor/laravel/framework/src/Illuminate/Routing/Router.php(1049): Illuminate\Routing\RouteCollection->match(Object(Illuminate\Http\Request))
#1 /srv/http/test/Laravel/vendor/laravel/framework/src/Illuminate/Routing/Router.php(1017): Illuminate\Routing\Router->findRoute(Object(Illuminate\Http\Request))
#2 /srv/http/test/Laravel/vendor/laravel/framework/src/Illuminate/Routing/Router.php(996): Illuminate\Routing\Router->dispatchToRoute(Object(Illuminate\Http\Request))
#3 /srv/http/test/Laravel/vendor/laravel/framework/src/Illuminate/Foundation/Application.php(775): Illuminate\Routing\Router->dispatch(Object(Illuminate\Http\Request))
#4 /srv/http/test/Laravel/vendor/laravel/framework/src/Illuminate/Foundation/Application.php(745): Illuminate\Foundation\Application->dispatch(Object(Illuminate\Http\Request))
#5 /srv/http/test/Laravel/vendor/laravel/framework/src/Illuminate/Session/Middleware.php(72): Illuminate\Foundation\Application->handle(Object(Illuminate\Http\Request), 1, true)
#6 /srv/http/test/Laravel/vendor/laravel/framework/src/Illuminate/Cookie/Queue.php(47): Illuminate\Session\Middleware->handle(Object(Illuminate\Http\Request), 1, true)
#7 /srv/http/test/Laravel/vendor/laravel/framework/src/Illuminate/Cookie/Guard.php(51): Illuminate\Cookie\Queue->handle(Object(Illuminate\Http\Request), 1, true)
#8 /srv/http/test/Laravel/vendor/stack/builder/src/Stack/StackedHttpKernel.php(23): Illuminate\Cookie\Guard->handle(Object(Illuminate\Http\Request), 1, true)
#9 /srv/http/test/Laravel/vendor/laravel/framework/src/Illuminate/Foundation/Application.php(641): Stack\StackedHttpKernel->handle(Object(Illuminate\Http\Request))
#10 /srv/http/test/Laravel/public/index.php(49): Illuminate\Foundation\Application->run()
#11 {main} [] []
